19:27:10.731 [main] INFO  com.intuit.karate.Runner - using system property 'karate.options': --tags ~ignore
19:27:11.492 [main] DEBUG com.intuit.karate.Suite - [config] classpath:karate-config.js
19:27:11.505 [main] DEBUG com.intuit.karate.Suite - waiting for 3 features to complete
19:27:12.515 [pool-2-thread-1] INFO  com.intuit.karate - karate.env system property was: null 
19:27:12.515 [pool-1-thread-1] INFO  com.intuit.karate - karate.env system property was: null 
19:27:12.528 [pool-2-thread-1] INFO  com.intuit.karate - >> lock acquired, begin callSingle: classpath:helpers/CreateToken.feature
19:27:13.430 [pool-2-thread-1] DEBUG com.intuit.karate - request:
1 > POST https://conduit.productionready.io/api/users/login
1 > Content-Type: application/json; charset=UTF-8
1 > Content-Length: 67
1 > Host: conduit.productionready.io
1 > Connection: Keep-Alive
1 > User-Agent: Apache-HttpClient/4.5.13 (Java/1.8.0_261)
1 > Accept-Encoding: gzip,deflate
{"user":{"password":"karate123456789","email":"karate123@abc.com"}}

19:27:14.477 [pool-2-thread-1] DEBUG com.intuit.karate - response time in milliseconds: 1038
1 < 200
1 < Date: Fri, 07 May 2021 13:57:15 GMT
1 < Content-Type: application/json; charset=utf-8
1 < Transfer-Encoding: chunked
1 < Connection: keep-alive
1 < Cache-Control: max-age=0, private, must-revalidate
1 < ETag: W/"fe76396548fefddadc3047ad76a10051"
1 < Status: 200 OK
1 < Vary: Origin
1 < X-Content-Type-Options: nosniff
1 < X-Frame-Options: SAMEORIGIN
1 < X-Powered-By: Phusion Passenger 4.0.60
1 < X-Request-Id: 701b684b-3479-4a61-a6a8-38aa3c49e088
1 < X-Runtime: 0.082380
1 < X-XSS-Protection: 1; mode=block
1 < CF-Cache-Status: DYNAMIC
1 < cf-request-id: 09e8b757e7000018cada82a000000001
1 < Expect-CT: max-age=604800, report-uri="https://report-uri.cloudflare.com/cdn-cgi/beacon/expect-ct"
1 < Report-To: {"group":"cf-nel","max_age":604800,"endpoints":[{"url":"https:\/\/a.nel.cloudflare.com\/report?s=y9ngmhepVFwvth5DMFy7YRpqLSSyMOJBgsZEk7K1J02nUHpPczvwqjooqhXAgmie%2BGE6xgmKhqGikZTDOz4rmThdJcyyUUroyUkAh3lG7QTmqaCbGJF1pJtrQQ%3D%3D"}]}
1 < NEL: {"max_age":604800,"report_to":"cf-nel"}
1 < Server: cloudflare
1 < CF-RAY: 64baf4d30bae18ca-SIN
1 < alt-svc: h3-27=":443"; ma=86400, h3-28=":443"; ma=86400, h3-29=":443"; ma=86400
1 < Set-Cookie: __cfduid=df681a6502fa11591d2d70184a73f9dd81620395835; Max-Age=1622987835000; Expires=Wed, 15 Oct 53451 00:07:14 GMT; Domain=productionready.io
{"user":{"createdAt":"2021-05-05T10:00:10.688Z","image":null,"bio":null,"id":167474,"email":"karate123@abc.com","updatedAt":"2021-05-05T10:00:10.701Z","username":"karate3","token":"eyJ0eXAiOiJKV1QiLCJhbGciOiJIUzI1NiJ9.eyJpZCI6MTY3NDc0LCJ1c2VybmFtZSI6ImthcmF0ZTMiLCJleHAiOjE2MjU1Nzk4MzV9.aaXoy5K6Oj77KJh1tignX1yUj9wWGESKx4SW1L0kMWw"}}
19:27:14.490 [pool-2-thread-1] INFO  com.intuit.karate - << lock released, cached callSingle: classpath:helpers/CreateToken.feature
19:27:14.491 [pool-1-thread-1] WARN  com.intuit.karate - this thread waited 1963 milliseconds for callSingle lock: classpath:helpers/CreateToken.feature
19:27:14.533 [pool-1-thread-1] DEBUG com.intuit.karate - request:
1 > GET https://conduit.productionready.io/api/articles?offset=0&limit=10
1 > Authorization: Token eyJ0eXAiOiJKV1QiLCJhbGciOiJIUzI1NiJ9.eyJpZCI6MTY3NDc0LCJ1c2VybmFtZSI6ImthcmF0ZTMiLCJleHAiOjE2MjU1Nzk4MzV9.aaXoy5K6Oj77KJh1tignX1yUj9wWGESKx4SW1L0kMWw
1 > Host: conduit.productionready.io
1 > Connection: Keep-Alive
1 > User-Agent: Apache-HttpClient/4.5.13 (Java/1.8.0_261)
1 > Accept-Encoding: gzip,deflate


19:27:15.811 [pool-1-thread-1] DEBUG com.intuit.karate - response time in milliseconds: 1276
1 < 200
1 < Date: Fri, 07 May 2021 13:57:17 GMT
1 < Content-Type: application/json; charset=utf-8
1 < Transfer-Encoding: chunked
1 < Connection: keep-alive
1 < Cache-Control: max-age=0, private, must-revalidate
1 < ETag: W/"f10f575e5f581b018c110226a2b9e9c3"
1 < Status: 200 OK
1 < Vary: Origin
1 < X-Content-Type-Options: nosniff
1 < X-Frame-Options: SAMEORIGIN
1 < X-Powered-By: Phusion Passenger 4.0.60
1 < X-Request-Id: 5c6c08e1-6712-47b1-b038-ecd7ad7414bb
1 < X-Runtime: 0.583927
1 < X-XSS-Protection: 1; mode=block
1 < CF-Cache-Status: DYNAMIC
1 < cf-request-id: 09e8b75b3a0000016e12a69000000001
1 < Expect-CT: max-age=604800, report-uri="https://report-uri.cloudflare.com/cdn-cgi/beacon/expect-ct"
1 < Report-To: {"max_age":604800,"group":"cf-nel","endpoints":[{"url":"https:\/\/a.nel.cloudflare.com\/report?s=YgMpX%2FCGr7bxEMV49WdjGYiMbsJnTStF%2FGrJg0xOEzd7JLJL4oqNg0%2FImJW7%2Blv4DbveSiqFsOrGE35HOyMjR93UK7cbMIPOqvKd6rMxcLUty9e5jQ3gfJBguA%3D%3D"}]}
1 < NEL: {"max_age":604800,"report_to":"cf-nel"}
1 < Server: cloudflare
1 < CF-RAY: 64baf4d85f9a016e-SIN
1 < alt-svc: h3-27=":443"; ma=86400, h3-28=":443"; ma=86400, h3-29=":443"; ma=86400
1 < Set-Cookie: __cfduid=d2f29123d47fa84efb6f292c21898dfea1620395836; Max-Age=1622987836000; Expires=Wed, 15 Oct 53451 00:23:55 GMT; Domain=productionready.io
{"articlesCount":500,"articles":[{"tagList":[],"createdAt":"2021-05-07T13:48:31.519Z","author":{"image":"https:\/\/static.productionready.io\/images\/smiley-cyrus.jpg","following":false,"bio":null,"username":"rkazirut"},"description":"API Testing is easy","title":"Request from API","body":"Angular is cool","favoritesCount":1,"slug":"request-from-api-d6mi1q","updatedAt":"2021-05-07T13:48:31.519Z","favorited":false},{"tagList":[],"createdAt":"2021-05-07T13:44:15.236Z","author":{"image":"https:\/\/static.productionready.io\/images\/smiley-cyrus.jpg","following":false,"bio":null,"username":"rkazirut"},"description":"Test","title":"Test","body":"Test","favoritesCount":1,"slug":"test-ukwwtn","updatedAt":"2021-05-07T13:44:15.236Z","favorited":false},{"tagList":[],"createdAt":"2021-05-07T13:41:31.398Z","author":{"image":"https:\/\/static.productionready.io\/images\/smiley-cyrus.jpg","following":false,"bio":null,"username":"rkazirut"},"description":"Test","title":"Test","body":"Test","favoritesCount":0,"slug":"test-5898nx","updatedAt":"2021-05-07T13:41:31.398Z","favorited":false},{"tagList":[],"createdAt":"2021-05-07T13:34:06.177Z","author":{"image":"https:\/\/static.productionready.io\/images\/smiley-cyrus.jpg","following":false,"bio":null,"username":"rkazirut"},"description":"This is a description","title":"A whole new world","body":"An article about nothing","favoritesCount":1,"slug":"a-whole-new-world-7h0o97","updatedAt":"2021-05-07T13:34:06.177Z","favorited":true},{"tagList":[],"createdAt":"2021-05-07T13:31:01.827Z","author":{"image":"https:\/\/static.productionready.io\/images\/smiley-cyrus.jpg","following":false,"bio":null,"username":"rkazirut"},"description":"This is description 2","title":"A whole new world","body":"An article about nothing","favoritesCount":1,"slug":"a-whole-new-world-wnrhjk","updatedAt":"2021-05-07T13:31:01.827Z","favorited":false},{"tagList":[],"createdAt":"2021-05-07T13:22:02.786Z","author":{"image":"https:\/\/static.productionready.io\/images\/smiley-cyrus.jpg","following":false,"bio":null,"username":"rkazirut"},"description":"Nothing really","title":"A whole new world","body":"An article about nothing","favoritesCount":1,"slug":"a-whole-new-world-wm7yr1","updatedAt":"2021-05-07T13:22:02.786Z","favorited":false},{"tagList":[],"createdAt":"2021-05-07T13:22:00.112Z","author":{"image":"https:\/\/static.productionready.io\/images\/smiley-cyrus.jpg","following":false,"bio":null,"username":"karate3"},"description":"dsjgh","title":"sdjgfjsd","body":"dsjfjh","favoritesCount":0,"slug":"sdjgfjsd-gmr9rm","updatedAt":"2021-05-07T13:22:00.112Z","favorited":false},{"tagList":[],"createdAt":"2021-05-07T13:17:50.263Z","author":{"image":"https:\/\/static.productionready.io\/images\/smiley-cyrus.jpg","following":false,"bio":null,"username":"rkazirut"},"description":"Nothing really","title":"A whole new world","body":"An article about nothing","favoritesCount":1,"slug":"a-whole-new-world-po67bt","updatedAt":"2021-05-07T13:17:50.263Z","favorited":false},{"tagList":[],"createdAt":"2021-05-07T13:13:24.921Z","author":{"image":"https:\/\/static.productionready.io\/images\/smiley-cyrus.jpg","following":false,"bio":null,"username":"cypresstestlearn"},"description":"Test 1 ","title":"Test","body":" Test Test something","favoritesCount":3,"slug":"test-gcfjbg","updatedAt":"2021-05-07T13:13:24.921Z","favorited":true},{"tagList":[],"createdAt":"2021-05-07T13:04:47.513Z","author":{"image":"https:\/\/static.productionready.io\/images\/smiley-cyrus.jpg","following":false,"bio":null,"username":"cypresstestlearn"},"description":"Test 1 ","title":"Test","body":" Test Test something","favoritesCount":0,"slug":"test-2lthb8","updatedAt":"2021-05-07T13:04:47.513Z","favorited":false}]}
19:27:15.816 [pool-1-thread-1] DEBUG com.intuit.karate - retry condition not satisfied: response.articles[0].favoritesCount == 2
19:27:15.817 [pool-1-thread-1] DEBUG com.intuit.karate - sleeping before retry #1
19:27:19.541 [pool-2-thread-1] DEBUG com.intuit.karate - request:
1 > GET https://conduit.productionready.io/api/articles?offset=0&limit=10
1 > Authorization: Token eyJ0eXAiOiJKV1QiLCJhbGciOiJIUzI1NiJ9.eyJpZCI6MTY3NDc0LCJ1c2VybmFtZSI6ImthcmF0ZTMiLCJleHAiOjE2MjU1Nzk4MzV9.aaXoy5K6Oj77KJh1tignX1yUj9wWGESKx4SW1L0kMWw
1 > Host: conduit.productionready.io
1 > Connection: Keep-Alive
1 > User-Agent: Apache-HttpClient/4.5.13 (Java/1.8.0_261)
1 > Accept-Encoding: gzip,deflate


19:27:20.831 [pool-1-thread-1] DEBUG com.intuit.karate - request:
2 > GET https://conduit.productionready.io/api/articles?offset=0&limit=10
2 > Authorization: Token eyJ0eXAiOiJKV1QiLCJhbGciOiJIUzI1NiJ9.eyJpZCI6MTY3NDc0LCJ1c2VybmFtZSI6ImthcmF0ZTMiLCJleHAiOjE2MjU1Nzk4MzV9.aaXoy5K6Oj77KJh1tignX1yUj9wWGESKx4SW1L0kMWw
2 > Cookie: __cfduid=d2f29123d47fa84efb6f292c21898dfea1620395836
2 > Host: conduit.productionready.io
2 > Connection: Keep-Alive
2 > User-Agent: Apache-HttpClient/4.5.13 (Java/1.8.0_261)
2 > Accept-Encoding: gzip,deflate


19:27:21.038 [pool-2-thread-1] DEBUG com.intuit.karate - response time in milliseconds: 1495
1 < 200
1 < Date: Fri, 07 May 2021 13:57:22 GMT
1 < Content-Type: application/json; charset=utf-8
1 < Transfer-Encoding: chunked
1 < Connection: keep-alive
1 < Cache-Control: max-age=0, private, must-revalidate
1 < ETag: W/"f10f575e5f581b018c110226a2b9e9c3"
1 < Status: 200 OK
1 < Vary: Origin
1 < X-Content-Type-Options: nosniff
1 < X-Frame-Options: SAMEORIGIN
1 < X-Powered-By: Phusion Passenger 4.0.60
1 < X-Request-Id: a9dcf299-04ba-47a2-8d7a-466032b00849
1 < X-Runtime: 0.583722
1 < X-XSS-Protection: 1; mode=block
1 < CF-Cache-Status: DYNAMIC
1 < cf-request-id: 09e8b76ea70000de25079e0000000001
1 < Expect-CT: max-age=604800, report-uri="https://report-uri.cloudflare.com/cdn-cgi/beacon/expect-ct"
1 < Report-To: {"group":"cf-nel","endpoints":[{"url":"https:\/\/a.nel.cloudflare.com\/report?s=rj1QeOPsW9x5NFy0ZELzyzr7lvDYE9MagI2muoVGetMEGL0haa1Rdm6PKOVZA8G1wQK3HRwsRVzuqEiXCk167CIWXCDC%2BEctq1MRrZHxr4CGsPcurJV4ha1KCQ%3D%3D"}],"max_age":604800}
1 < NEL: {"max_age":604800,"report_to":"cf-nel"}
1 < Server: cloudflare
1 < CF-RAY: 64baf4f77809de25-BOM
1 < alt-svc: h3-27=":443"; ma=86400, h3-28=":443"; ma=86400, h3-29=":443"; ma=86400
1 < Set-Cookie: __cfduid=d0515393470572575e9afce8a2574b6561620395841; Max-Age=1622987841000; Expires=Wed, 15 Oct 53451 01:47:21 GMT; Domain=productionready.io
{"articlesCount":500,"articles":[{"tagList":[],"createdAt":"2021-05-07T13:48:31.519Z","author":{"image":"https:\/\/static.productionready.io\/images\/smiley-cyrus.jpg","following":false,"bio":null,"username":"rkazirut"},"description":"API Testing is easy","title":"Request from API","body":"Angular is cool","favoritesCount":1,"slug":"request-from-api-d6mi1q","updatedAt":"2021-05-07T13:48:31.519Z","favorited":false},{"tagList":[],"createdAt":"2021-05-07T13:44:15.236Z","author":{"image":"https:\/\/static.productionready.io\/images\/smiley-cyrus.jpg","following":false,"bio":null,"username":"rkazirut"},"description":"Test","title":"Test","body":"Test","favoritesCount":1,"slug":"test-ukwwtn","updatedAt":"2021-05-07T13:44:15.236Z","favorited":false},{"tagList":[],"createdAt":"2021-05-07T13:41:31.398Z","author":{"image":"https:\/\/static.productionready.io\/images\/smiley-cyrus.jpg","following":false,"bio":null,"username":"rkazirut"},"description":"Test","title":"Test","body":"Test","favoritesCount":0,"slug":"test-5898nx","updatedAt":"2021-05-07T13:41:31.398Z","favorited":false},{"tagList":[],"createdAt":"2021-05-07T13:34:06.177Z","author":{"image":"https:\/\/static.productionready.io\/images\/smiley-cyrus.jpg","following":false,"bio":null,"username":"rkazirut"},"description":"This is a description","title":"A whole new world","body":"An article about nothing","favoritesCount":1,"slug":"a-whole-new-world-7h0o97","updatedAt":"2021-05-07T13:34:06.177Z","favorited":true},{"tagList":[],"createdAt":"2021-05-07T13:31:01.827Z","author":{"image":"https:\/\/static.productionready.io\/images\/smiley-cyrus.jpg","following":false,"bio":null,"username":"rkazirut"},"description":"This is description 2","title":"A whole new world","body":"An article about nothing","favoritesCount":1,"slug":"a-whole-new-world-wnrhjk","updatedAt":"2021-05-07T13:31:01.827Z","favorited":false},{"tagList":[],"createdAt":"2021-05-07T13:22:02.786Z","author":{"image":"https:\/\/static.productionready.io\/images\/smiley-cyrus.jpg","following":false,"bio":null,"username":"rkazirut"},"description":"Nothing really","title":"A whole new world","body":"An article about nothing","favoritesCount":1,"slug":"a-whole-new-world-wm7yr1","updatedAt":"2021-05-07T13:22:02.786Z","favorited":false},{"tagList":[],"createdAt":"2021-05-07T13:22:00.112Z","author":{"image":"https:\/\/static.productionready.io\/images\/smiley-cyrus.jpg","following":false,"bio":null,"username":"karate3"},"description":"dsjgh","title":"sdjgfjsd","body":"dsjfjh","favoritesCount":0,"slug":"sdjgfjsd-gmr9rm","updatedAt":"2021-05-07T13:22:00.112Z","favorited":false},{"tagList":[],"createdAt":"2021-05-07T13:17:50.263Z","author":{"image":"https:\/\/static.productionready.io\/images\/smiley-cyrus.jpg","following":false,"bio":null,"username":"rkazirut"},"description":"Nothing really","title":"A whole new world","body":"An article about nothing","favoritesCount":1,"slug":"a-whole-new-world-po67bt","updatedAt":"2021-05-07T13:17:50.263Z","favorited":false},{"tagList":[],"createdAt":"2021-05-07T13:13:24.921Z","author":{"image":"https:\/\/static.productionready.io\/images\/smiley-cyrus.jpg","following":false,"bio":null,"username":"cypresstestlearn"},"description":"Test 1 ","title":"Test","body":" Test Test something","favoritesCount":3,"slug":"test-gcfjbg","updatedAt":"2021-05-07T13:13:24.921Z","favorited":true},{"tagList":[],"createdAt":"2021-05-07T13:04:47.513Z","author":{"image":"https:\/\/static.productionready.io\/images\/smiley-cyrus.jpg","following":false,"bio":null,"username":"cypresstestlearn"},"description":"Test 1 ","title":"Test","body":" Test Test something","favoritesCount":0,"slug":"test-2lthb8","updatedAt":"2021-05-07T13:04:47.513Z","favorited":false}]}
19:27:22.175 [pool-1-thread-1] DEBUG com.intuit.karate - response time in milliseconds: 1343
2 < 200
2 < Date: Fri, 07 May 2021 13:57:23 GMT
2 < Content-Type: application/json; charset=utf-8
2 < Transfer-Encoding: chunked
2 < Connection: keep-alive
2 < Cache-Control: max-age=0, private, must-revalidate
2 < ETag: W/"f10f575e5f581b018c110226a2b9e9c3"
2 < Status: 200 OK
2 < Vary: Origin
2 < X-Content-Type-Options: nosniff
2 < X-Frame-Options: SAMEORIGIN
2 < X-Powered-By: Phusion Passenger 4.0.60
2 < X-Request-Id: cfb2bd45-a46e-4ffc-86ae-294a6a9d8d63
2 < X-Runtime: 0.588201
2 < X-XSS-Protection: 1; mode=block
2 < CF-Cache-Status: DYNAMIC
2 < cf-request-id: 09e8b7741b0000562dfb2a7000000001
2 < Expect-CT: max-age=604800, report-uri="https://report-uri.cloudflare.com/cdn-cgi/beacon/expect-ct"
2 < Report-To: {"group":"cf-nel","endpoints":[{"url":"https:\/\/a.nel.cloudflare.com\/report?s=omoNuzr01oYtfNhnbHaQk%2BY3PnRKJdykvbQtGmqCHvO2EcwLKagN4ztxc8xCe6PNqbVglrLFZ7I8boBFCFZG34PzVYN3A8Ig%2Bc3u6uNvV9g03YhAI%2F4YU3RCbw%3D%3D"}],"max_age":604800}
2 < NEL: {"report_to":"cf-nel","max_age":604800}
2 < Server: cloudflare
2 < CF-RAY: 64baf5002c6e562d-SIN
2 < alt-svc: h3-27=":443"; ma=86400, h3-28=":443"; ma=86400, h3-29=":443"; ma=86400
{"articlesCount":500,"articles":[{"tagList":[],"createdAt":"2021-05-07T13:48:31.519Z","author":{"image":"https:\/\/static.productionready.io\/images\/smiley-cyrus.jpg","following":false,"bio":null,"username":"rkazirut"},"description":"API Testing is easy","title":"Request from API","body":"Angular is cool","favoritesCount":1,"slug":"request-from-api-d6mi1q","updatedAt":"2021-05-07T13:48:31.519Z","favorited":false},{"tagList":[],"createdAt":"2021-05-07T13:44:15.236Z","author":{"image":"https:\/\/static.productionready.io\/images\/smiley-cyrus.jpg","following":false,"bio":null,"username":"rkazirut"},"description":"Test","title":"Test","body":"Test","favoritesCount":1,"slug":"test-ukwwtn","updatedAt":"2021-05-07T13:44:15.236Z","favorited":false},{"tagList":[],"createdAt":"2021-05-07T13:41:31.398Z","author":{"image":"https:\/\/static.productionready.io\/images\/smiley-cyrus.jpg","following":false,"bio":null,"username":"rkazirut"},"description":"Test","title":"Test","body":"Test","favoritesCount":0,"slug":"test-5898nx","updatedAt":"2021-05-07T13:41:31.398Z","favorited":false},{"tagList":[],"createdAt":"2021-05-07T13:34:06.177Z","author":{"image":"https:\/\/static.productionready.io\/images\/smiley-cyrus.jpg","following":false,"bio":null,"username":"rkazirut"},"description":"This is a description","title":"A whole new world","body":"An article about nothing","favoritesCount":1,"slug":"a-whole-new-world-7h0o97","updatedAt":"2021-05-07T13:34:06.177Z","favorited":true},{"tagList":[],"createdAt":"2021-05-07T13:31:01.827Z","author":{"image":"https:\/\/static.productionready.io\/images\/smiley-cyrus.jpg","following":false,"bio":null,"username":"rkazirut"},"description":"This is description 2","title":"A whole new world","body":"An article about nothing","favoritesCount":1,"slug":"a-whole-new-world-wnrhjk","updatedAt":"2021-05-07T13:31:01.827Z","favorited":false},{"tagList":[],"createdAt":"2021-05-07T13:22:02.786Z","author":{"image":"https:\/\/static.productionready.io\/images\/smiley-cyrus.jpg","following":false,"bio":null,"username":"rkazirut"},"description":"Nothing really","title":"A whole new world","body":"An article about nothing","favoritesCount":1,"slug":"a-whole-new-world-wm7yr1","updatedAt":"2021-05-07T13:22:02.786Z","favorited":false},{"tagList":[],"createdAt":"2021-05-07T13:22:00.112Z","author":{"image":"https:\/\/static.productionready.io\/images\/smiley-cyrus.jpg","following":false,"bio":null,"username":"karate3"},"description":"dsjgh","title":"sdjgfjsd","body":"dsjfjh","favoritesCount":0,"slug":"sdjgfjsd-gmr9rm","updatedAt":"2021-05-07T13:22:00.112Z","favorited":false},{"tagList":[],"createdAt":"2021-05-07T13:17:50.263Z","author":{"image":"https:\/\/static.productionready.io\/images\/smiley-cyrus.jpg","following":false,"bio":null,"username":"rkazirut"},"description":"Nothing really","title":"A whole new world","body":"An article about nothing","favoritesCount":1,"slug":"a-whole-new-world-po67bt","updatedAt":"2021-05-07T13:17:50.263Z","favorited":false},{"tagList":[],"createdAt":"2021-05-07T13:13:24.921Z","author":{"image":"https:\/\/static.productionready.io\/images\/smiley-cyrus.jpg","following":false,"bio":null,"username":"cypresstestlearn"},"description":"Test 1 ","title":"Test","body":" Test Test something","favoritesCount":3,"slug":"test-gcfjbg","updatedAt":"2021-05-07T13:13:24.921Z","favorited":true},{"tagList":[],"createdAt":"2021-05-07T13:04:47.513Z","author":{"image":"https:\/\/static.productionready.io\/images\/smiley-cyrus.jpg","following":false,"bio":null,"username":"cypresstestlearn"},"description":"Test 1 ","title":"Test","body":" Test Test something","favoritesCount":0,"slug":"test-2lthb8","updatedAt":"2021-05-07T13:04:47.513Z","favorited":false}]}
19:27:22.179 [pool-1-thread-1] DEBUG com.intuit.karate - retry condition not satisfied: response.articles[0].favoritesCount == 2
19:27:22.179 [pool-1-thread-1] DEBUG com.intuit.karate - sleeping before retry #2
19:27:27.186 [pool-1-thread-1] DEBUG com.intuit.karate - request:
3 > GET https://conduit.productionready.io/api/articles?offset=0&limit=10
3 > Authorization: Token eyJ0eXAiOiJKV1QiLCJhbGciOiJIUzI1NiJ9.eyJpZCI6MTY3NDc0LCJ1c2VybmFtZSI6ImthcmF0ZTMiLCJleHAiOjE2MjU1Nzk4MzV9.aaXoy5K6Oj77KJh1tignX1yUj9wWGESKx4SW1L0kMWw
3 > Cookie: __cfduid=d2f29123d47fa84efb6f292c21898dfea1620395836
3 > Host: conduit.productionready.io
3 > Connection: Keep-Alive
3 > User-Agent: Apache-HttpClient/4.5.13 (Java/1.8.0_261)
3 > Accept-Encoding: gzip,deflate


19:27:28.827 [pool-1-thread-1] DEBUG com.intuit.karate - response time in milliseconds: 1639
3 < 200
3 < Date: Fri, 07 May 2021 13:57:30 GMT
3 < Content-Type: application/json; charset=utf-8
3 < Transfer-Encoding: chunked
3 < Connection: keep-alive
3 < Cache-Control: max-age=0, private, must-revalidate
3 < ETag: W/"f10f575e5f581b018c110226a2b9e9c3"
3 < Status: 200 OK
3 < Vary: Origin
3 < X-Content-Type-Options: nosniff
3 < X-Frame-Options: SAMEORIGIN
3 < X-Powered-By: Phusion Passenger 4.0.60
3 < X-Request-Id: ac9e6e39-71cf-4e2e-b867-fbc33ce92511
3 < X-Runtime: 0.643520
3 < X-XSS-Protection: 1; mode=block
3 < CF-Cache-Status: DYNAMIC
3 < cf-request-id: 09e8b78dca0000e928393f3000000001
3 < Expect-CT: max-age=604800, report-uri="https://report-uri.cloudflare.com/cdn-cgi/beacon/expect-ct"
3 < Report-To: {"endpoints":[{"url":"https:\/\/a.nel.cloudflare.com\/report?s=fxnZ%2Ft88ZmfpAQx9sXsK9vgc2KbSg6UNe2d3hMuvSbhVVDiZkhA16oPJgRcM3eYnpNOSF6acsRkjAJwlqsM%2Fg4fY3EbO5xHg2043SY8yaXzAdVC1So80eIbnPQ%3D%3D"}],"group":"cf-nel","max_age":604800}
3 < NEL: {"max_age":604800,"report_to":"cf-nel"}
3 < Server: cloudflare
3 < CF-RAY: 64baf5294ab2e928-MRS
3 < alt-svc: h3-27=":443"; ma=86400, h3-28=":443"; ma=86400, h3-29=":443"; ma=86400
{"articlesCount":500,"articles":[{"tagList":[],"createdAt":"2021-05-07T13:48:31.519Z","author":{"image":"https:\/\/static.productionready.io\/images\/smiley-cyrus.jpg","following":false,"bio":null,"username":"rkazirut"},"description":"API Testing is easy","title":"Request from API","body":"Angular is cool","favoritesCount":1,"slug":"request-from-api-d6mi1q","updatedAt":"2021-05-07T13:48:31.519Z","favorited":false},{"tagList":[],"createdAt":"2021-05-07T13:44:15.236Z","author":{"image":"https:\/\/static.productionready.io\/images\/smiley-cyrus.jpg","following":false,"bio":null,"username":"rkazirut"},"description":"Test","title":"Test","body":"Test","favoritesCount":1,"slug":"test-ukwwtn","updatedAt":"2021-05-07T13:44:15.236Z","favorited":false},{"tagList":[],"createdAt":"2021-05-07T13:41:31.398Z","author":{"image":"https:\/\/static.productionready.io\/images\/smiley-cyrus.jpg","following":false,"bio":null,"username":"rkazirut"},"description":"Test","title":"Test","body":"Test","favoritesCount":0,"slug":"test-5898nx","updatedAt":"2021-05-07T13:41:31.398Z","favorited":false},{"tagList":[],"createdAt":"2021-05-07T13:34:06.177Z","author":{"image":"https:\/\/static.productionready.io\/images\/smiley-cyrus.jpg","following":false,"bio":null,"username":"rkazirut"},"description":"This is a description","title":"A whole new world","body":"An article about nothing","favoritesCount":1,"slug":"a-whole-new-world-7h0o97","updatedAt":"2021-05-07T13:34:06.177Z","favorited":true},{"tagList":[],"createdAt":"2021-05-07T13:31:01.827Z","author":{"image":"https:\/\/static.productionready.io\/images\/smiley-cyrus.jpg","following":false,"bio":null,"username":"rkazirut"},"description":"This is description 2","title":"A whole new world","body":"An article about nothing","favoritesCount":1,"slug":"a-whole-new-world-wnrhjk","updatedAt":"2021-05-07T13:31:01.827Z","favorited":false},{"tagList":[],"createdAt":"2021-05-07T13:22:02.786Z","author":{"image":"https:\/\/static.productionready.io\/images\/smiley-cyrus.jpg","following":false,"bio":null,"username":"rkazirut"},"description":"Nothing really","title":"A whole new world","body":"An article about nothing","favoritesCount":1,"slug":"a-whole-new-world-wm7yr1","updatedAt":"2021-05-07T13:22:02.786Z","favorited":false},{"tagList":[],"createdAt":"2021-05-07T13:22:00.112Z","author":{"image":"https:\/\/static.productionready.io\/images\/smiley-cyrus.jpg","following":false,"bio":null,"username":"karate3"},"description":"dsjgh","title":"sdjgfjsd","body":"dsjfjh","favoritesCount":0,"slug":"sdjgfjsd-gmr9rm","updatedAt":"2021-05-07T13:22:00.112Z","favorited":false},{"tagList":[],"createdAt":"2021-05-07T13:17:50.263Z","author":{"image":"https:\/\/static.productionready.io\/images\/smiley-cyrus.jpg","following":false,"bio":null,"username":"rkazirut"},"description":"Nothing really","title":"A whole new world","body":"An article about nothing","favoritesCount":1,"slug":"a-whole-new-world-po67bt","updatedAt":"2021-05-07T13:17:50.263Z","favorited":false},{"tagList":[],"createdAt":"2021-05-07T13:13:24.921Z","author":{"image":"https:\/\/static.productionready.io\/images\/smiley-cyrus.jpg","following":false,"bio":null,"username":"cypresstestlearn"},"description":"Test 1 ","title":"Test","body":" Test Test something","favoritesCount":3,"slug":"test-gcfjbg","updatedAt":"2021-05-07T13:13:24.921Z","favorited":true},{"tagList":[],"createdAt":"2021-05-07T13:04:47.513Z","author":{"image":"https:\/\/static.productionready.io\/images\/smiley-cyrus.jpg","following":false,"bio":null,"username":"cypresstestlearn"},"description":"Test 1 ","title":"Test","body":" Test Test something","favoritesCount":0,"slug":"test-2lthb8","updatedAt":"2021-05-07T13:04:47.513Z","favorited":false}]}
19:27:28.832 [pool-1-thread-1] DEBUG com.intuit.karate - retry condition not satisfied: response.articles[0].favoritesCount == 2
19:27:28.832 [pool-1-thread-1] DEBUG com.intuit.karate - sleeping before retry #3
19:27:33.834 [pool-1-thread-1] DEBUG com.intuit.karate - request:
4 > GET https://conduit.productionready.io/api/articles?offset=0&limit=10
4 > Authorization: Token eyJ0eXAiOiJKV1QiLCJhbGciOiJIUzI1NiJ9.eyJpZCI6MTY3NDc0LCJ1c2VybmFtZSI6ImthcmF0ZTMiLCJleHAiOjE2MjU1Nzk4MzV9.aaXoy5K6Oj77KJh1tignX1yUj9wWGESKx4SW1L0kMWw
4 > Cookie: __cfduid=d2f29123d47fa84efb6f292c21898dfea1620395836
4 > Host: conduit.productionready.io
4 > Connection: Keep-Alive
4 > User-Agent: Apache-HttpClient/4.5.13 (Java/1.8.0_261)
4 > Accept-Encoding: gzip,deflate


19:27:35.256 [pool-1-thread-1] DEBUG com.intuit.karate - response time in milliseconds: 1420
4 < 200
4 < Date: Fri, 07 May 2021 13:57:36 GMT
4 < Content-Type: application/json; charset=utf-8
4 < Transfer-Encoding: chunked
4 < Connection: keep-alive
4 < Cache-Control: max-age=0, private, must-revalidate
4 < ETag: W/"f10f575e5f581b018c110226a2b9e9c3"
4 < Status: 200 OK
4 < Vary: Origin
4 < X-Content-Type-Options: nosniff
4 < X-Frame-Options: SAMEORIGIN
4 < X-Powered-By: Phusion Passenger 4.0.60
4 < X-Request-Id: 1d52b17d-7e4e-4153-98ef-ccbc742182f5
4 < X-Runtime: 0.606786
4 < X-XSS-Protection: 1; mode=block
4 < CF-Cache-Status: DYNAMIC
4 < cf-request-id: 09e8b7a72a0000dd027f0be000000001
4 < Expect-CT: max-age=604800, report-uri="https://report-uri.cloudflare.com/cdn-cgi/beacon/expect-ct"
4 < Report-To: {"max_age":604800,"endpoints":[{"url":"https:\/\/a.nel.cloudflare.com\/report?s=UbkPEk9FOLn5FZOTiG7G3YnrzZaD1syZWD8nbbHfy7y%2BF19R1XukvSxxDHqXe1jCB0aPeBkkaA%2FlritYBC4%2BfO2JNNtdSe0fdONe%2BO%2Fdb9yuqbstJ%2BD3wcXl8g%3D%3D"}],"group":"cf-nel"}
4 < NEL: {"max_age":604800,"report_to":"cf-nel"}
4 < Server: cloudflare
4 < CF-RAY: 64baf551dd8add02-SIN
4 < alt-svc: h3-27=":443"; ma=86400, h3-28=":443"; ma=86400, h3-29=":443"; ma=86400
{"articlesCount":500,"articles":[{"tagList":[],"createdAt":"2021-05-07T13:48:31.519Z","author":{"image":"https:\/\/static.productionready.io\/images\/smiley-cyrus.jpg","following":false,"bio":null,"username":"rkazirut"},"description":"API Testing is easy","title":"Request from API","body":"Angular is cool","favoritesCount":1,"slug":"request-from-api-d6mi1q","updatedAt":"2021-05-07T13:48:31.519Z","favorited":false},{"tagList":[],"createdAt":"2021-05-07T13:44:15.236Z","author":{"image":"https:\/\/static.productionready.io\/images\/smiley-cyrus.jpg","following":false,"bio":null,"username":"rkazirut"},"description":"Test","title":"Test","body":"Test","favoritesCount":1,"slug":"test-ukwwtn","updatedAt":"2021-05-07T13:44:15.236Z","favorited":false},{"tagList":[],"createdAt":"2021-05-07T13:41:31.398Z","author":{"image":"https:\/\/static.productionready.io\/images\/smiley-cyrus.jpg","following":false,"bio":null,"username":"rkazirut"},"description":"Test","title":"Test","body":"Test","favoritesCount":0,"slug":"test-5898nx","updatedAt":"2021-05-07T13:41:31.398Z","favorited":false},{"tagList":[],"createdAt":"2021-05-07T13:34:06.177Z","author":{"image":"https:\/\/static.productionready.io\/images\/smiley-cyrus.jpg","following":false,"bio":null,"username":"rkazirut"},"description":"This is a description","title":"A whole new world","body":"An article about nothing","favoritesCount":1,"slug":"a-whole-new-world-7h0o97","updatedAt":"2021-05-07T13:34:06.177Z","favorited":true},{"tagList":[],"createdAt":"2021-05-07T13:31:01.827Z","author":{"image":"https:\/\/static.productionready.io\/images\/smiley-cyrus.jpg","following":false,"bio":null,"username":"rkazirut"},"description":"This is description 2","title":"A whole new world","body":"An article about nothing","favoritesCount":1,"slug":"a-whole-new-world-wnrhjk","updatedAt":"2021-05-07T13:31:01.827Z","favorited":false},{"tagList":[],"createdAt":"2021-05-07T13:22:02.786Z","author":{"image":"https:\/\/static.productionready.io\/images\/smiley-cyrus.jpg","following":false,"bio":null,"username":"rkazirut"},"description":"Nothing really","title":"A whole new world","body":"An article about nothing","favoritesCount":1,"slug":"a-whole-new-world-wm7yr1","updatedAt":"2021-05-07T13:22:02.786Z","favorited":false},{"tagList":[],"createdAt":"2021-05-07T13:22:00.112Z","author":{"image":"https:\/\/static.productionready.io\/images\/smiley-cyrus.jpg","following":false,"bio":null,"username":"karate3"},"description":"dsjgh","title":"sdjgfjsd","body":"dsjfjh","favoritesCount":0,"slug":"sdjgfjsd-gmr9rm","updatedAt":"2021-05-07T13:22:00.112Z","favorited":false},{"tagList":[],"createdAt":"2021-05-07T13:17:50.263Z","author":{"image":"https:\/\/static.productionready.io\/images\/smiley-cyrus.jpg","following":false,"bio":null,"username":"rkazirut"},"description":"Nothing really","title":"A whole new world","body":"An article about nothing","favoritesCount":1,"slug":"a-whole-new-world-po67bt","updatedAt":"2021-05-07T13:17:50.263Z","favorited":false},{"tagList":[],"createdAt":"2021-05-07T13:13:24.921Z","author":{"image":"https:\/\/static.productionready.io\/images\/smiley-cyrus.jpg","following":false,"bio":null,"username":"cypresstestlearn"},"description":"Test 1 ","title":"Test","body":" Test Test something","favoritesCount":3,"slug":"test-gcfjbg","updatedAt":"2021-05-07T13:13:24.921Z","favorited":true},{"tagList":[],"createdAt":"2021-05-07T13:04:47.513Z","author":{"image":"https:\/\/static.productionready.io\/images\/smiley-cyrus.jpg","following":false,"bio":null,"username":"cypresstestlearn"},"description":"Test 1 ","title":"Test","body":" Test Test something","favoritesCount":0,"slug":"test-2lthb8","updatedAt":"2021-05-07T13:04:47.513Z","favorited":false}]}
19:27:35.258 [pool-1-thread-1] DEBUG com.intuit.karate - retry condition not satisfied: response.articles[0].favoritesCount == 2
19:27:35.258 [pool-1-thread-1] DEBUG com.intuit.karate - sleeping before retry #4
19:27:40.268 [pool-1-thread-1] DEBUG com.intuit.karate - request:
5 > GET https://conduit.productionready.io/api/articles?offset=0&limit=10
5 > Authorization: Token eyJ0eXAiOiJKV1QiLCJhbGciOiJIUzI1NiJ9.eyJpZCI6MTY3NDc0LCJ1c2VybmFtZSI6ImthcmF0ZTMiLCJleHAiOjE2MjU1Nzk4MzV9.aaXoy5K6Oj77KJh1tignX1yUj9wWGESKx4SW1L0kMWw
5 > Cookie: __cfduid=d2f29123d47fa84efb6f292c21898dfea1620395836
5 > Host: conduit.productionready.io
5 > Connection: Keep-Alive
5 > User-Agent: Apache-HttpClient/4.5.13 (Java/1.8.0_261)
5 > Accept-Encoding: gzip,deflate


19:27:41.839 [pool-1-thread-1] DEBUG com.intuit.karate - response time in milliseconds: 1570
5 < 200
5 < Date: Fri, 07 May 2021 13:57:43 GMT
5 < Content-Type: application/json; charset=utf-8
5 < Connection: keep-alive
5 < Cache-Control: max-age=0, private, must-revalidate
5 < ETag: W/"f10f575e5f581b018c110226a2b9e9c3"
5 < Status: 200 OK
5 < Vary: Origin
5 < X-Content-Type-Options: nosniff
5 < X-Frame-Options: SAMEORIGIN
5 < X-Powered-By: Phusion Passenger 4.0.60
5 < X-Request-Id: a6e2e5ca-5bfc-4a7c-99c4-80557b45406b
5 < X-Runtime: 0.580805
5 < X-XSS-Protection: 1; mode=block
5 < CF-Cache-Status: DYNAMIC
5 < cf-request-id: 09e8b7c0ed0000e91013a84000000001
5 < Expect-CT: max-age=604800, report-uri="https://report-uri.cloudflare.com/cdn-cgi/beacon/expect-ct"
5 < Report-To: {"max_age":604800,"endpoints":[{"url":"https:\/\/a.nel.cloudflare.com\/report?s=wIRbFqp8PLoLZlmepfGHfMaocDZDJxSkUk2hct5i0SX7u50GrWoRtTv9wPvvnlPvRZ2n4tyF63Zh6XXCjgZzc%2FOM%2Bhey43kv0qwSg%2FmXSIsahe98VZWRRvyXBQ%3D%3D"}],"group":"cf-nel"}
5 < NEL: {"max_age":604800,"report_to":"cf-nel"}
5 < Server: cloudflare
5 < CF-RAY: 64baf57b19f5e910-MRS
5 < alt-svc: h3-27=":443"; ma=86400, h3-28=":443"; ma=86400, h3-29=":443"; ma=86400
{"articlesCount":500,"articles":[{"tagList":[],"createdAt":"2021-05-07T13:48:31.519Z","author":{"image":"https:\/\/static.productionready.io\/images\/smiley-cyrus.jpg","following":false,"bio":null,"username":"rkazirut"},"description":"API Testing is easy","title":"Request from API","body":"Angular is cool","favoritesCount":1,"slug":"request-from-api-d6mi1q","updatedAt":"2021-05-07T13:48:31.519Z","favorited":false},{"tagList":[],"createdAt":"2021-05-07T13:44:15.236Z","author":{"image":"https:\/\/static.productionready.io\/images\/smiley-cyrus.jpg","following":false,"bio":null,"username":"rkazirut"},"description":"Test","title":"Test","body":"Test","favoritesCount":1,"slug":"test-ukwwtn","updatedAt":"2021-05-07T13:44:15.236Z","favorited":false},{"tagList":[],"createdAt":"2021-05-07T13:41:31.398Z","author":{"image":"https:\/\/static.productionready.io\/images\/smiley-cyrus.jpg","following":false,"bio":null,"username":"rkazirut"},"description":"Test","title":"Test","body":"Test","favoritesCount":0,"slug":"test-5898nx","updatedAt":"2021-05-07T13:41:31.398Z","favorited":false},{"tagList":[],"createdAt":"2021-05-07T13:34:06.177Z","author":{"image":"https:\/\/static.productionready.io\/images\/smiley-cyrus.jpg","following":false,"bio":null,"username":"rkazirut"},"description":"This is a description","title":"A whole new world","body":"An article about nothing","favoritesCount":1,"slug":"a-whole-new-world-7h0o97","updatedAt":"2021-05-07T13:34:06.177Z","favorited":true},{"tagList":[],"createdAt":"2021-05-07T13:31:01.827Z","author":{"image":"https:\/\/static.productionready.io\/images\/smiley-cyrus.jpg","following":false,"bio":null,"username":"rkazirut"},"description":"This is description 2","title":"A whole new world","body":"An article about nothing","favoritesCount":1,"slug":"a-whole-new-world-wnrhjk","updatedAt":"2021-05-07T13:31:01.827Z","favorited":false},{"tagList":[],"createdAt":"2021-05-07T13:22:02.786Z","author":{"image":"https:\/\/static.productionready.io\/images\/smiley-cyrus.jpg","following":false,"bio":null,"username":"rkazirut"},"description":"Nothing really","title":"A whole new world","body":"An article about nothing","favoritesCount":1,"slug":"a-whole-new-world-wm7yr1","updatedAt":"2021-05-07T13:22:02.786Z","favorited":false},{"tagList":[],"createdAt":"2021-05-07T13:22:00.112Z","author":{"image":"https:\/\/static.productionready.io\/images\/smiley-cyrus.jpg","following":false,"bio":null,"username":"karate3"},"description":"dsjgh","title":"sdjgfjsd","body":"dsjfjh","favoritesCount":0,"slug":"sdjgfjsd-gmr9rm","updatedAt":"2021-05-07T13:22:00.112Z","favorited":false},{"tagList":[],"createdAt":"2021-05-07T13:17:50.263Z","author":{"image":"https:\/\/static.productionready.io\/images\/smiley-cyrus.jpg","following":false,"bio":null,"username":"rkazirut"},"description":"Nothing really","title":"A whole new world","body":"An article about nothing","favoritesCount":1,"slug":"a-whole-new-world-po67bt","updatedAt":"2021-05-07T13:17:50.263Z","favorited":false},{"tagList":[],"createdAt":"2021-05-07T13:13:24.921Z","author":{"image":"https:\/\/static.productionready.io\/images\/smiley-cyrus.jpg","following":false,"bio":null,"username":"cypresstestlearn"},"description":"Test 1 ","title":"Test","body":" Test Test something","favoritesCount":3,"slug":"test-gcfjbg","updatedAt":"2021-05-07T13:13:24.921Z","favorited":true},{"tagList":[],"createdAt":"2021-05-07T13:04:47.513Z","author":{"image":"https:\/\/static.productionready.io\/images\/smiley-cyrus.jpg","following":false,"bio":null,"username":"cypresstestlearn"},"description":"Test 1 ","title":"Test","body":" Test Test something","favoritesCount":0,"slug":"test-2lthb8","updatedAt":"2021-05-07T13:04:47.513Z","favorited":false}]}
19:27:41.842 [pool-1-thread-1] DEBUG com.intuit.karate - retry condition not satisfied: response.articles[0].favoritesCount == 2
19:27:41.842 [pool-1-thread-1] DEBUG com.intuit.karate - sleeping before retry #5
19:27:46.853 [pool-1-thread-1] DEBUG com.intuit.karate - request:
6 > GET https://conduit.productionready.io/api/articles?offset=0&limit=10
6 > Authorization: Token eyJ0eXAiOiJKV1QiLCJhbGciOiJIUzI1NiJ9.eyJpZCI6MTY3NDc0LCJ1c2VybmFtZSI6ImthcmF0ZTMiLCJleHAiOjE2MjU1Nzk4MzV9.aaXoy5K6Oj77KJh1tignX1yUj9wWGESKx4SW1L0kMWw
6 > Cookie: __cfduid=d2f29123d47fa84efb6f292c21898dfea1620395836
6 > Host: conduit.productionready.io
6 > Connection: Keep-Alive
6 > User-Agent: Apache-HttpClient/4.5.13 (Java/1.8.0_261)
6 > Accept-Encoding: gzip,deflate


19:27:49.924 [pool-1-thread-1] DEBUG com.intuit.karate - response time in milliseconds: 3069
6 < 200
6 < Date: Fri, 07 May 2021 13:57:51 GMT
6 < Content-Type: application/json; charset=utf-8
6 < Transfer-Encoding: chunked
6 < Connection: keep-alive
6 < Cache-Control: max-age=0, private, must-revalidate
6 < ETag: W/"f10f575e5f581b018c110226a2b9e9c3"
6 < Status: 200 OK
6 < Vary: Origin
6 < X-Content-Type-Options: nosniff
6 < X-Frame-Options: SAMEORIGIN
6 < X-Powered-By: Phusion Passenger 4.0.60
6 < X-Request-Id: 56abbbf1-4ce7-443e-8e21-0ea1b1564b9b
6 < X-Runtime: 2.270871
6 < X-XSS-Protection: 1; mode=block
6 < CF-Cache-Status: DYNAMIC
6 < cf-request-id: 09e8b7d9ea0000560273371000000001
6 < Expect-CT: max-age=604800, report-uri="https://report-uri.cloudflare.com/cdn-cgi/beacon/expect-ct"
6 < Report-To: {"endpoints":[{"url":"https:\/\/a.nel.cloudflare.com\/report?s=8BTkJVsieuNcgOaqwodJ%2B%2B%2FIsWheIFBJTJ2yThnnKUapOHxIz8aTbe5TrGNYB7u%2BO43E4oRAxmaWCCX1K3hsEGuzKdmFHMPmFWo4X309J52WWkJ0YSdeB%2FP%2Bxw%3D%3D"}],"group":"cf-nel","max_age":604800}
6 < NEL: {"report_to":"cf-nel","max_age":604800}
6 < Server: cloudflare
6 < CF-RAY: 64baf5a30ff45602-SIN
6 < alt-svc: h3-27=":443"; ma=86400, h3-28=":443"; ma=86400, h3-29=":443"; ma=86400
{"articlesCount":500,"articles":[{"tagList":[],"createdAt":"2021-05-07T13:48:31.519Z","author":{"image":"https:\/\/static.productionready.io\/images\/smiley-cyrus.jpg","following":false,"bio":null,"username":"rkazirut"},"description":"API Testing is easy","title":"Request from API","body":"Angular is cool","favoritesCount":1,"slug":"request-from-api-d6mi1q","updatedAt":"2021-05-07T13:48:31.519Z","favorited":false},{"tagList":[],"createdAt":"2021-05-07T13:44:15.236Z","author":{"image":"https:\/\/static.productionready.io\/images\/smiley-cyrus.jpg","following":false,"bio":null,"username":"rkazirut"},"description":"Test","title":"Test","body":"Test","favoritesCount":1,"slug":"test-ukwwtn","updatedAt":"2021-05-07T13:44:15.236Z","favorited":false},{"tagList":[],"createdAt":"2021-05-07T13:41:31.398Z","author":{"image":"https:\/\/static.productionready.io\/images\/smiley-cyrus.jpg","following":false,"bio":null,"username":"rkazirut"},"description":"Test","title":"Test","body":"Test","favoritesCount":0,"slug":"test-5898nx","updatedAt":"2021-05-07T13:41:31.398Z","favorited":false},{"tagList":[],"createdAt":"2021-05-07T13:34:06.177Z","author":{"image":"https:\/\/static.productionready.io\/images\/smiley-cyrus.jpg","following":false,"bio":null,"username":"rkazirut"},"description":"This is a description","title":"A whole new world","body":"An article about nothing","favoritesCount":1,"slug":"a-whole-new-world-7h0o97","updatedAt":"2021-05-07T13:34:06.177Z","favorited":true},{"tagList":[],"createdAt":"2021-05-07T13:31:01.827Z","author":{"image":"https:\/\/static.productionready.io\/images\/smiley-cyrus.jpg","following":false,"bio":null,"username":"rkazirut"},"description":"This is description 2","title":"A whole new world","body":"An article about nothing","favoritesCount":1,"slug":"a-whole-new-world-wnrhjk","updatedAt":"2021-05-07T13:31:01.827Z","favorited":false},{"tagList":[],"createdAt":"2021-05-07T13:22:02.786Z","author":{"image":"https:\/\/static.productionready.io\/images\/smiley-cyrus.jpg","following":false,"bio":null,"username":"rkazirut"},"description":"Nothing really","title":"A whole new world","body":"An article about nothing","favoritesCount":1,"slug":"a-whole-new-world-wm7yr1","updatedAt":"2021-05-07T13:22:02.786Z","favorited":false},{"tagList":[],"createdAt":"2021-05-07T13:22:00.112Z","author":{"image":"https:\/\/static.productionready.io\/images\/smiley-cyrus.jpg","following":false,"bio":null,"username":"karate3"},"description":"dsjgh","title":"sdjgfjsd","body":"dsjfjh","favoritesCount":0,"slug":"sdjgfjsd-gmr9rm","updatedAt":"2021-05-07T13:22:00.112Z","favorited":false},{"tagList":[],"createdAt":"2021-05-07T13:17:50.263Z","author":{"image":"https:\/\/static.productionready.io\/images\/smiley-cyrus.jpg","following":false,"bio":null,"username":"rkazirut"},"description":"Nothing really","title":"A whole new world","body":"An article about nothing","favoritesCount":1,"slug":"a-whole-new-world-po67bt","updatedAt":"2021-05-07T13:17:50.263Z","favorited":false},{"tagList":[],"createdAt":"2021-05-07T13:13:24.921Z","author":{"image":"https:\/\/static.productionready.io\/images\/smiley-cyrus.jpg","following":false,"bio":null,"username":"cypresstestlearn"},"description":"Test 1 ","title":"Test","body":" Test Test something","favoritesCount":3,"slug":"test-gcfjbg","updatedAt":"2021-05-07T13:13:24.921Z","favorited":true},{"tagList":[],"createdAt":"2021-05-07T13:04:47.513Z","author":{"image":"https:\/\/static.productionready.io\/images\/smiley-cyrus.jpg","following":false,"bio":null,"username":"cypresstestlearn"},"description":"Test 1 ","title":"Test","body":" Test Test something","favoritesCount":0,"slug":"test-2lthb8","updatedAt":"2021-05-07T13:04:47.513Z","favorited":false}]}
19:27:49.926 [pool-1-thread-1] DEBUG com.intuit.karate - retry condition not satisfied: response.articles[0].favoritesCount == 2
19:27:49.927 [pool-1-thread-1] DEBUG com.intuit.karate - sleeping before retry #6
19:27:54.935 [pool-1-thread-1] DEBUG com.intuit.karate - request:
7 > GET https://conduit.productionready.io/api/articles?offset=0&limit=10
7 > Authorization: Token eyJ0eXAiOiJKV1QiLCJhbGciOiJIUzI1NiJ9.eyJpZCI6MTY3NDc0LCJ1c2VybmFtZSI6ImthcmF0ZTMiLCJleHAiOjE2MjU1Nzk4MzV9.aaXoy5K6Oj77KJh1tignX1yUj9wWGESKx4SW1L0kMWw
7 > Cookie: __cfduid=d2f29123d47fa84efb6f292c21898dfea1620395836
7 > Host: conduit.productionready.io
7 > Connection: Keep-Alive
7 > User-Agent: Apache-HttpClient/4.5.13 (Java/1.8.0_261)
7 > Accept-Encoding: gzip,deflate


19:27:56.157 [pool-1-thread-1] DEBUG com.intuit.karate - response time in milliseconds: 1221
7 < 200
7 < Date: Fri, 07 May 2021 13:57:57 GMT
7 < Content-Type: application/json; charset=utf-8
7 < Transfer-Encoding: chunked
7 < Connection: keep-alive
7 < Cache-Control: max-age=0, private, must-revalidate
7 < ETag: W/"e792a09d34b0761b608c5908a81dec8a"
7 < Status: 200 OK
7 < Vary: Origin
7 < X-Content-Type-Options: nosniff
7 < X-Frame-Options: SAMEORIGIN
7 < X-Powered-By: Phusion Passenger 4.0.60
7 < X-Request-Id: 19ec3cc0-ebdd-4d01-9db5-a51ae1af9397
7 < X-Runtime: 0.580033
7 < X-XSS-Protection: 1; mode=block
7 < CF-Cache-Status: DYNAMIC
7 < cf-request-id: 09e8b7f8f200001aa88a18c000000001
7 < Expect-CT: max-age=604800, report-uri="https://report-uri.cloudflare.com/cdn-cgi/beacon/expect-ct"
7 < Report-To: {"endpoints":[{"url":"https:\/\/a.nel.cloudflare.com\/report?s=lH2%2FA%2BWDh%2BvryUcoNSPcOPpVxGC5QCN%2BbG8VrzQs1j0GSMk306aRkJUeCL1Jfp%2Fc%2BYA8y1gQmwjiYuLWt6VgCDnb%2BUU68kPh5mSPV51VzP52FBlAXQJcNrDY6w%3D%3D"}],"group":"cf-nel","max_age":604800}
7 < NEL: {"report_to":"cf-nel","max_age":604800}
7 < Server: cloudflare
7 < CF-RAY: 64baf5d4bae01aa8-SIN
7 < alt-svc: h3-27=":443"; ma=86400, h3-28=":443"; ma=86400, h3-29=":443"; ma=86400
{"articlesCount":500,"articles":[{"tagList":[],"createdAt":"2021-05-07T13:48:31.519Z","author":{"image":"https:\/\/static.productionready.io\/images\/smiley-cyrus.jpg","following":false,"bio":null,"username":"rkazirut"},"description":"API Testing is easy","title":"Request from API","body":"Angular is cool","favoritesCount":2,"slug":"request-from-api-d6mi1q","updatedAt":"2021-05-07T13:48:31.519Z","favorited":true},{"tagList":[],"createdAt":"2021-05-07T13:44:15.236Z","author":{"image":"https:\/\/static.productionready.io\/images\/smiley-cyrus.jpg","following":false,"bio":null,"username":"rkazirut"},"description":"Test","title":"Test","body":"Test","favoritesCount":1,"slug":"test-ukwwtn","updatedAt":"2021-05-07T13:44:15.236Z","favorited":false},{"tagList":[],"createdAt":"2021-05-07T13:41:31.398Z","author":{"image":"https:\/\/static.productionready.io\/images\/smiley-cyrus.jpg","following":false,"bio":null,"username":"rkazirut"},"description":"Test","title":"Test","body":"Test","favoritesCount":0,"slug":"test-5898nx","updatedAt":"2021-05-07T13:41:31.398Z","favorited":false},{"tagList":[],"createdAt":"2021-05-07T13:34:06.177Z","author":{"image":"https:\/\/static.productionready.io\/images\/smiley-cyrus.jpg","following":false,"bio":null,"username":"rkazirut"},"description":"This is a description","title":"A whole new world","body":"An article about nothing","favoritesCount":1,"slug":"a-whole-new-world-7h0o97","updatedAt":"2021-05-07T13:34:06.177Z","favorited":true},{"tagList":[],"createdAt":"2021-05-07T13:31:01.827Z","author":{"image":"https:\/\/static.productionready.io\/images\/smiley-cyrus.jpg","following":false,"bio":null,"username":"rkazirut"},"description":"This is description 2","title":"A whole new world","body":"An article about nothing","favoritesCount":1,"slug":"a-whole-new-world-wnrhjk","updatedAt":"2021-05-07T13:31:01.827Z","favorited":false},{"tagList":[],"createdAt":"2021-05-07T13:22:02.786Z","author":{"image":"https:\/\/static.productionready.io\/images\/smiley-cyrus.jpg","following":false,"bio":null,"username":"rkazirut"},"description":"Nothing really","title":"A whole new world","body":"An article about nothing","favoritesCount":1,"slug":"a-whole-new-world-wm7yr1","updatedAt":"2021-05-07T13:22:02.786Z","favorited":false},{"tagList":[],"createdAt":"2021-05-07T13:22:00.112Z","author":{"image":"https:\/\/static.productionready.io\/images\/smiley-cyrus.jpg","following":false,"bio":null,"username":"karate3"},"description":"dsjgh","title":"sdjgfjsd","body":"dsjfjh","favoritesCount":0,"slug":"sdjgfjsd-gmr9rm","updatedAt":"2021-05-07T13:22:00.112Z","favorited":false},{"tagList":[],"createdAt":"2021-05-07T13:17:50.263Z","author":{"image":"https:\/\/static.productionready.io\/images\/smiley-cyrus.jpg","following":false,"bio":null,"username":"rkazirut"},"description":"Nothing really","title":"A whole new world","body":"An article about nothing","favoritesCount":1,"slug":"a-whole-new-world-po67bt","updatedAt":"2021-05-07T13:17:50.263Z","favorited":false},{"tagList":[],"createdAt":"2021-05-07T13:13:24.921Z","author":{"image":"https:\/\/static.productionready.io\/images\/smiley-cyrus.jpg","following":false,"bio":null,"username":"cypresstestlearn"},"description":"Test 1 ","title":"Test","body":" Test Test something","favoritesCount":3,"slug":"test-gcfjbg","updatedAt":"2021-05-07T13:13:24.921Z","favorited":true},{"tagList":[],"createdAt":"2021-05-07T13:04:47.513Z","author":{"image":"https:\/\/static.productionready.io\/images\/smiley-cyrus.jpg","following":false,"bio":null,"username":"cypresstestlearn"},"description":"Test 1 ","title":"Test","body":" Test Test something","favoritesCount":0,"slug":"test-2lthb8","updatedAt":"2021-05-07T13:04:47.513Z","favorited":false}]}
19:27:56.158 [pool-1-thread-1] DEBUG com.intuit.karate - retry condition satisfied
19:27:57.319 [pool-2-thread-1] INFO  com.intuit.karate.Suite - <<pass>> feature 2 of 3 (1 remaining) classpath:ConduitApp/feature/HomePage.feature
